<?xml version="1.0" encoding="UTF-8"?>
<!-- Generated by org.testng.reporters.JUnitReportReporter -->
<testsuite hostname="DESKTOP-BQ9CQUV" failures="0" tests="1" name="SwagLabsTestCases.TC02_VerifyHighestPriceForProductWhenHighToLowFilterAppliedForProductSorting" time="8.575" errors="0" timestamp="2024-05-23T17:54:30 IST" skipped="0">
  <testcase classname="SwagLabsTestCases.TC02_VerifyHighestPriceForProductWhenHighToLowFilterAppliedForProductSorting" name="VerifyHighestPriceForProductWhenHighToLowFilter" time="8.575"/>
</testsuite> <!-- SwagLabsTestCases.TC02_VerifyHighestPriceForProductWhenHighToLowFilterAppliedForProductSorting -->
