<?xml version="1.0" encoding="UTF-8"?>
<!-- Generated by org.testng.reporters.JUnitReportReporter -->
<testsuite hostname="DESKTOP-BQ9CQUV" failures="0" tests="1" name="SwagLabsTestCases.TC01_VerifySuccessfulSignInWithValidateURL" time="14.249" errors="0" timestamp="2024-05-24T16:43:16 IST" skipped="0">
  <testcase classname="SwagLabsTestCases.TC01_VerifySuccessfulSignInWithValidateURL" name="VerifySuccessfulSignIn" time="14.249"/>
</testsuite> <!-- SwagLabsTestCases.TC01_VerifySuccessfulSignInWithValidateURL -->
