<?xml version="1.0" encoding="UTF-8"?>
<!-- Generated by org.testng.reporters.JUnitReportReporter -->
<testsuite hostname="DESKTOP-BQ9CQUV" failures="0" tests="1" name="SwagLabsTestCases.TC05_VerifyToOrderSecondNumberProductWhenZToAFilterAppliedForProductSorting" time="10.555" errors="0" timestamp="2024-05-23T17:35:43 IST" skipped="0">
  <testcase classname="SwagLabsTestCases.TC05_VerifyToOrderSecondNumberProductWhenZToAFilterAppliedForProductSorting" name="VerifyClientUpdatedBusinessNamefromCompliancetoCrm" time="10.555"/>
</testsuite> <!-- SwagLabsTestCases.TC05_VerifyToOrderSecondNumberProductWhenZToAFilterAppliedForProductSorting -->
