<?xml version="1.0" encoding="UTF-8"?>
<!-- Generated by org.testng.reporters.JUnitReportReporter -->
<testsuite hostname="DESKTOP-BQ9CQUV" failures="0" tests="1" name="SwagLabsTestCases.TC01_VerifySuccessfulSignInWithValidateURL" time="7.865" errors="0" timestamp="2024-05-23T17:54:13 IST" skipped="0">
  <testcase classname="SwagLabsTestCases.TC01_VerifySuccessfulSignInWithValidateURL" name="VerifySuccessfulSignIn" time="7.865"/>
</testsuite> <!-- SwagLabsTestCases.TC01_VerifySuccessfulSignInWithValidateURL -->
